<?xml version="1.0" encoding="UTF-8"?>
<testng-results ignored="0" total="1" passed="1" failed="0" skipped="0">
  <reporter-output>
  </reporter-output>
  <suite started-at="2020-09-12T13:56:32Z" name="Default suite" finished-at="2020-09-12T13:56:32Z" duration-ms="45">
    <groups>
    </groups>
    <test started-at="2020-09-12T13:56:32Z" name="Default test" finished-at="2020-09-12T13:56:32Z" duration-ms="45">
      <class name="CoolTesters_NyrhCloud.Selenium.AppTest">
        <test-method signature="testApp()[pri:0, instance:CoolTesters_NyrhCloud.Selenium.AppTest@456d6c1e]" started-at="2020-09-12T08:56:32Z" name="testApp" finished-at="2020-09-12T08:56:32Z" duration-ms="18" status="PASS">
          <reporter-output>
          </reporter-output>
        </test-method> <!-- testApp -->
      </class> <!-- CoolTesters_NyrhCloud.Selenium.AppTest -->
    </test> <!-- Default test -->
  </suite> <!-- Default suite -->
</testng-results>
